<?xml version="1.0" encoding="UTF-8"?>
<TestRun id="f3010876-19e2-413b-b490-a9394fafe8cc" name="Kieran@LAZULI 2012-05-01 04:29:01" runUser="Lazuli\Kieran" xmlns="http://microsoft.com/schemas/VisualStudio/TeamTest/2010">
  <TestSettings name="Local" id="f5e64e3e-c56f-4939-9908-e5450b15daae">
    <Description>These are default test settings for a local test run.</Description>
    <Deployment enabled="false" runDeploymentRoot="Kieran_LAZULI 2012-05-01 04_29_01">
      <DeploymentItem filename="C:\Users\Kieran\Dropbox\BU_Work\Dissertation\GitHub\Donatello\Donatello\bin\Debug\Donatello.exe" />
      <DeploymentItem filename="C:\Program Files (x86)\NUnit 2.6\bin\framework\nunit.framework.dll" />
    </Deployment>
    <Execution>
      <TestTypeSpecific />
      <AgentRule name="Execution Agents">
      </AgentRule>
    </Execution>
  </TestSettings>
  <Times creation="2012-05-01T04:29:01.8961809+01:00" queuing="2012-05-01T04:29:02.7292285+01:00" start="2012-05-01T04:29:02.7882319+01:00" finish="2012-05-01T04:29:03.9302972+01:00" />
  <ResultSummary outcome="Completed">
    <Counters total="1" executed="1" passed="1" error="0" failed="0" timeout="0" aborted="0" inconclusive="0" passedButRunAborted="0" notRunnable="0" notExecuted="0" disconnected="0" warning="0" completed="0" inProgress="0" pending="0" />
  </ResultSummary>
  <TestDefinitions>
    <UnitTest name="CalculateMD5Test" storage="c:\users\kieran\dropbox\bu_work\dissertation\github\donatello\unittests\bin\debug\unittests.dll" id="2ed6a6b1-df87-210d-51fa-92b2236e30b3">
      <Execution id="1d523da7-840a-4b5f-95c7-e7fce8218a62" />
      <TestMethod codeBase="C:/Users/Kieran/Dropbox/BU_Work/Dissertation/GitHub/Donatello/UnitTests/bin/Debug/UnitTests.DLL" adapterTypeName="Microsoft.VisualStudio.TestTools.TestTypes.Unit.UnitTestAdapter, Microsoft.VisualStudio.QualityTools.Tips.UnitTest.Adapter, Version=10.0.0.0, Culture=neutral, PublicKeyToken=b03f5f7f11d50a3a" className="UnitTests.DbConnectTest, UnitTests, Version=1.0.0.0, Culture=neutral, PublicKeyToken=null" name="CalculateMD5Test" />
    </UnitTest>
  </TestDefinitions>
  <TestLists>
    <TestList name="Results Not in a List" id="8c84fa94-04c1-424b-9868-57a2d4851a1d" />
    <TestList name="All Loaded Results" id="19431567-8539-422a-85d7-44ee4e166bda" />
  </TestLists>
  <TestEntries>
    <TestEntry testId="2ed6a6b1-df87-210d-51fa-92b2236e30b3" executionId="1d523da7-840a-4b5f-95c7-e7fce8218a62" testListId="8c84fa94-04c1-424b-9868-57a2d4851a1d" />
  </TestEntries>
  <Results>
    <UnitTestResult executionId="1d523da7-840a-4b5f-95c7-e7fce8218a62" testId="2ed6a6b1-df87-210d-51fa-92b2236e30b3" testName="CalculateMD5Test" computerName="LAZULI" duration="00:00:00.0151534" startTime="2012-05-01T04:29:02.8142334+01:00" endTime="2012-05-01T04:29:03.7192852+01:00" testType="13cdc9d9-ddb5-4fa4-a97d-d965ccfc6d4b" outcome="Passed" testListId="8c84fa94-04c1-424b-9868-57a2d4851a1d" relativeResultsDirectory="1d523da7-840a-4b5f-95c7-e7fce8218a62">
    </UnitTestResult>
  </Results>
</TestRun>